# JRE version: Java(TM) SE Runtime Environment (8.0_131-b11) (build 1.8.0_131-b11)
# Java VM: Java HotSpot(TM) 64-Bit Server VM (25.131-b11 mixed mode windows-amd64 compressed oops)
Heap:
 PSYoungGen      total 543744K, used 286979K [0x0000000715f80000, 0x0000000758480000, 0x00000007c0000000)
  eden space 526336K, 52% used [0x0000000715f80000,0x0000000726bc8b58,0x0000000736180000)
  from space 17408K, 70% used [0x0000000736180000,0x0000000736d780c8,0x0000000737280000)
  to   space 16896K, 0% used [0x0000000757400000,0x0000000757400000,0x0000000758480000)
 ParOldGen       total 349696K, used 4720K [0x00000005c1e00000, 0x00000005d7380000, 0x0000000715f80000)
  object space 349696K, 1% used [0x00000005c1e00000,0x00000005c229c188,0x00000005d7380000)
 Metaspace       used 19713K, capacity 20068K, committed 20480K, reserved 1067008K
  class space    used 2345K, capacity 2440K, committed 2560K, reserved 1048576K
GC Heap History (10 events):
Event: 13.134 GC heap before
{Heap before GC invocations=3 (full 0):
 PSYoungGen      total 153088K, used 147067K [0x0000000715f80000, 0x0000000728a80000, 0x00000007c0000000)
  eden space 131584K, 100% used [0x0000000715f80000,0x000000071e000000,0x000000071e000000)
  from space 21504K, 72% used [0x000000071f500000,0x000000072041ec58,0x0000000720a00000)
  to   space 21504K, 0% used [0x000000071e000000,0x000000071e000000,0x000000071f500000)
 ParOldGen       total 349696K, used 32K [0x00000005c1e00000, 0x00000005d7380000, 0x0000000715f80000)
  object space 349696K, 0% used [0x00000005c1e00000,0x00000005c1e08000,0x00000005d7380000)
 Metaspace       used 19206K, capacity 19524K, committed 19840K, reserved 1067008K
  class space    used 2309K, capacity 2408K, committed 2432K, reserved 1048576K
Event: 13.143 GC heap after
Heap after GC invocations=3 (full 0):
 PSYoungGen      total 153088K, used 12423K [0x0000000715f80000, 0x0000000728a80000, 0x00000007c0000000)
  eden space 131584K, 0% used [0x0000000715f80000,0x0000000715f80000,0x000000071e000000)
  from space 21504K, 57% used [0x000000071e000000,0x000000071ec21c18,0x000000071f500000)
  to   space 21504K, 0% used [0x0000000727580000,0x0000000727580000,0x0000000728a80000)
 ParOldGen       total 349696K, used 40K [0x00000005c1e00000, 0x00000005d7380000, 0x0000000715f80000)
  object space 349696K, 0% used [0x00000005c1e00000,0x00000005c1e0a000,0x00000005d7380000)
 Metaspace       used 19206K, capacity 19524K, committed 19840K, reserved 1067008K
  class space    used 2309K, capacity 2408K, committed 2432K, reserved 1048576K
}
Event: 13.281 GC heap before
{Heap before GC invocations=4 (full 0):
 PSYoungGen      total 153088K, used 144007K [0x0000000715f80000, 0x0000000728a80000, 0x00000007c0000000)
  eden space 131584K, 100% used [0x0000000715f80000,0x000000071e000000,0x000000071e000000)
  from space 21504K, 57% used [0x000000071e000000,0x000000071ec21c18,0x000000071f500000)
  to   space 21504K, 0% used [0x0000000727580000,0x0000000727580000,0x0000000728a80000)
 ParOldGen       total 349696K, used 40K [0x00000005c1e00000, 0x00000005d7380000, 0x0000000715f80000)
  object space 349696K, 0% used [0x00000005c1e00000,0x00000005c1e0a000,0x00000005d7380000)
 Metaspace       used 19237K, capacity 19524K, committed 19840K, reserved 1067008K
  class space    used 2309K, capacity 2408K, committed 2432K, reserved 1048576K
Event: 13.289 GC heap after
Heap after GC invocations=4 (full 0):
 PSYoungGen      total 284672K, used 10367K [0x0000000715f80000, 0x0000000728a80000, 0x00000007c0000000)
  eden space 263168K, 0% used [0x0000000715f80000,0x0000000715f80000,0x0000000726080000)
  from space 21504K, 48% used [0x0000000727580000,0x0000000727f9fdc8,0x0000000728a80000)
  to   space 21504K, 0% used [0x0000000726080000,0x0000000726080000,0x0000000727580000)
 ParOldGen       total 349696K, used 48K [0x00000005c1e00000, 0x00000005d7380000, 0x0000000715f80000)
  object space 349696K, 0% used [0x00000005c1e00000,0x00000005c1e0c000,0x00000005d7380000)
 Metaspace       used 19237K, capacity 19524K, committed 19840K, reserved 1067008K
  class space    used 2309K, capacity 2408K, committed 2432K, reserved 1048576K
}
Event: 13.625 GC heap before
{Heap before GC invocations=5 (full 0):
 PSYoungGen      total 284672K, used 273535K [0x0000000715f80000, 0x0000000728a80000, 0x00000007c0000000)
  eden space 263168K, 100% used [0x0000000715f80000,0x0000000726080000,0x0000000726080000)
  from space 21504K, 48% used [0x0000000727580000,0x0000000727f9fdc8,0x0000000728a80000)
  to   space 21504K, 0% used [0x0000000726080000,0x0000000726080000,0x0000000727580000)
 ParOldGen       total 349696K, used 48K [0x00000005c1e00000, 0x00000005d7380000, 0x0000000715f80000)
  object space 349696K, 0% used [0x00000005c1e00000,0x00000005c1e0c000,0x00000005d7380000)
 Metaspace       used 19301K, capacity 19652K, committed 19840K, reserved 1067008K
  class space    used 2309K, capacity 2408K, committed 2432K, reserved 1048576K
Event: 13.640 GC heap after
Heap after GC invocations=5 (full 0):
 PSYoungGen      total 284672K, used 15037K [0x0000000715f80000, 0x0000000738380000, 0x00000007c0000000)
  eden space 263168K, 0% used [0x0000000715f80000,0x0000000715f80000,0x0000000726080000)
  from space 21504K, 69% used [0x0000000726080000,0x0000000726f2f648,0x0000000727580000)
  to   space 17408K, 0% used [0x0000000737280000,0x0000000737280000,0x0000000738380000)
 ParOldGen       total 349696K, used 56K [0x00000005c1e00000, 0x00000005d7380000, 0x0000000715f80000)
  object space 349696K, 0% used [0x00000005c1e00000,0x00000005c1e0e000,0x00000005d7380000)
 Metaspace       used 19301K, capacity 19652K, committed 19840K, reserved 1067008K
  class space    used 2309K, capacity 2408K, committed 2432K, reserved 1048576K
}
Event: 14.043 GC heap before
{Heap before GC invocations=6 (full 0):
 PSYoungGen      total 284672K, used 278205K [0x0000000715f80000, 0x0000000738380000, 0x00000007c0000000)
  eden space 263168K, 100% used [0x0000000715f80000,0x0000000726080000,0x0000000726080000)
  from space 21504K, 69% used [0x0000000726080000,0x0000000726f2f648,0x0000000727580000)
  to   space 17408K, 0% used [0x0000000737280000,0x0000000737280000,0x0000000738380000)
 ParOldGen       total 349696K, used 56K [0x00000005c1e00000, 0x00000005d7380000, 0x0000000715f80000)
  object space 349696K, 0% used [0x00000005c1e00000,0x00000005c1e0e000,0x00000005d7380000)
 Metaspace       used 19662K, capacity 20004K, committed 20480K, reserved 1067008K
  class space    used 2345K, capacity 2440K, committed 2560K, reserved 1048576K
Event: 14.054 GC heap after
Heap after GC invocations=6 (full 0):
 PSYoungGen      total 543744K, used 14266K [0x0000000715f80000, 0x0000000738380000, 0x00000007c0000000)
  eden space 526336K, 0% used [0x0000000715f80000,0x0000000715f80000,0x0000000736180000)
  from space 17408K, 81% used [0x0000000737280000,0x000000073806e998,0x0000000738380000)
  to   space 17408K, 0% used [0x0000000736180000,0x0000000736180000,0x0000000737280000)
 ParOldGen       total 349696K, used 64K [0x00000005c1e00000, 0x00000005d7380000, 0x0000000715f80000)
  object space 349696K, 0% used [0x00000005c1e00000,0x00000005c1e10000,0x00000005d7380000)
 Metaspace       used 19662K, capacity 20004K, committed 20480K, reserved 1067008K
  class space    used 2345K, capacity 2440K, committed 2560K, reserved 1048576K
}
Event: 14.646 GC heap before
{Heap before GC invocations=7 (full 0):
 PSYoungGen      total 543744K, used 540602K [0x0000000715f80000, 0x0000000738380000, 0x00000007c0000000)
  eden space 526336K, 100% used [0x0000000715f80000,0x0000000736180000,0x0000000736180000)
  from space 17408K, 81% used [0x0000000737280000,0x000000073806e998,0x0000000738380000)
  to   space 17408K, 0% used [0x0000000736180000,0x0000000736180000,0x0000000737280000)
 ParOldGen       total 349696K, used 64K [0x00000005c1e00000, 0x00000005d7380000, 0x0000000715f80000)
  object space 349696K, 0% used [0x00000005c1e00000,0x00000005c1e10000,0x00000005d7380000)
 Metaspace       used 19704K, capacity 20004K, committed 20480K, reserved 1067008K
  class space    used 2345K, capacity 2440K, committed 2560K, reserved 1048576K
Event: 14.662 GC heap after
Heap after GC invocations=7 (full 0):
 PSYoungGen      total 543744K, used 12256K [0x0000000715f80000, 0x0000000758480000, 0x00000007c0000000)
  eden space 526336K, 0% used [0x0000000715f80000,0x0000000715f80000,0x0000000736180000)
  from space 17408K, 70% used [0x0000000736180000,0x0000000736d780c8,0x0000000737280000)
  to   space 16896K, 0% used [0x0000000757400000,0x0000000757400000,0x0000000758480000)
 ParOldGen       total 349696K, used 4720K [0x00000005c1e00000, 0x00000005d7380000, 0x0000000715f80000)
  object space 349696K, 1% used [0x00000005c1e00000,0x00000005c229c188,0x00000005d7380000)
 Metaspace       used 19704K, capacity 20004K, committed 20480K, reserved 1067008K
  class space    used 2345K, capacity 2440K, committed 2560K, reserved 1048576K
}

